<?xml version="1.0" encoding="UTF-8"?>
<testsuite name="de.bsvrz.sys.funclib.bitctrl.dua.TestObjektWecker" tests="1" skipped="0" failures="0" errors="0" timestamp="2017-11-08T11:33:25" hostname="Peuker-win8" time="88.036">
  <properties/>
  <testcase name="test1" classname="de.bsvrz.sys.funclib.bitctrl.dua.TestObjektWecker" time="88.036"/>
  <system-out><![CDATA[Eingeplant: 1 (1510140807878ms)
Eingeplant: 2 (1510140807878ms)
Eingeplant: 3 (1510140807878ms)
Eingeplant: 4 (1510140808878ms)
Eingeplant: 5 (1510140808878ms)
Eingeplant: 6 (1510140808878ms)
Objekt 1 (1510140807878ms) geweckt: 1510140807879, Differenz: +1
Objekt 2 (1510140807878ms) geweckt: 1510140807879, Differenz: +1
Objekt 3 (1510140807878ms) geweckt: 1510140807880, Differenz: +2
Objekt 6 (1510140808878ms) geweckt: 1510140808879, Differenz: +1
Objekt 4 (1510140808878ms) geweckt: 1510140808879, Differenz: +1
Objekt 5 (1510140808878ms) geweckt: 1510140808879, Differenz: +1
Eingeplant: 7 (1510140812878ms)
Eingeplant: 8 (1510140810878ms)
Umgeplant: 8 (1510140812878ms)
Umgeplant: 8 (1510140810878ms)
Umgeplant: 8 (1510140812878ms)
Umgeplant: 7 (1510140810878ms)
Ausgeplant: 7 (-1ms)
Umgeplant: 1 (1510140810878ms)
Umgeplant: 2 (1510140812878ms)
Objekt 1 (1510140810878ms) geweckt: 1510140810878, Differenz: +0
Objekt 8 (1510140812878ms) geweckt: 1510140812878, Differenz: +0
Objekt 2 (1510140812878ms) geweckt: 1510140812878, Differenz: +0
Umgeplant: 1 (1510140820881ms)
Umgeplant: 2 (1510140815881ms)
Umgeplant: 1 (1510140818881ms)
Umgeplant: 1 (1510140816881ms)
Ausgeplant: 1 (-1ms)
Objekt 2 (1510140815881ms) geweckt: 1510140815881, Differenz: +0
Umgeplant: 3 (1510140816881ms)
Umgeplant: 4 (1510140818881ms)
Umgeplant: 5 (1510140818881ms)
Umgeplant: 6 (1510140818881ms)
Umgeplant: 4 (1510140820881ms)
Ausgeplant: 4 (-1ms)
Umgeplant: 5 (1510140820881ms)
Objekt 3 (1510140816881ms) geweckt: 1510140816881, Differenz: +0
Objekt 6 (1510140818881ms) geweckt: 1510140818882, Differenz: +1
Objekt 5 (1510140820881ms) geweckt: 1510140820882, Differenz: +1
Umgeplant: 1 (1510140828883ms)
Umgeplant: 2 (1510140823883ms)
Umgeplant: 1 (1510140826883ms)
Umgeplant: 1 (1510140824883ms)
Ausgeplant: 1 (-1ms)
Objekt 2 (1510140823883ms) geweckt: 1510140823884, Differenz: +1
Umgeplant: 3 (1510140824883ms)
Umgeplant: 4 (1510140826883ms)
Umgeplant: 5 (1510140826883ms)
Umgeplant: 6 (1510140826883ms)
Umgeplant: 4 (1510140828883ms)
Ausgeplant: 4 (-1ms)
Umgeplant: 5 (1510140828883ms)
Objekt 3 (1510140824883ms) geweckt: 1510140824884, Differenz: +1
Objekt 6 (1510140826883ms) geweckt: 1510140826883, Differenz: +0
Objekt 5 (1510140828883ms) geweckt: 1510140828883, Differenz: +0
Umgeplant: 1 (1510140836886ms)
Umgeplant: 2 (1510140831886ms)
Umgeplant: 1 (1510140834886ms)
Umgeplant: 1 (1510140832886ms)
Ausgeplant: 1 (-1ms)
Objekt 2 (1510140831886ms) geweckt: 1510140831887, Differenz: +1
Umgeplant: 3 (1510140832886ms)
Umgeplant: 4 (1510140834886ms)
Umgeplant: 5 (1510140834886ms)
Umgeplant: 6 (1510140834886ms)
Umgeplant: 4 (1510140836886ms)
Ausgeplant: 4 (-1ms)
Umgeplant: 5 (1510140836886ms)
Objekt 3 (1510140832886ms) geweckt: 1510140832886, Differenz: +0
Objekt 6 (1510140834886ms) geweckt: 1510140834886, Differenz: +0
Objekt 5 (1510140836886ms) geweckt: 1510140836887, Differenz: +1
Umgeplant: 1 (1510140844888ms)
Umgeplant: 2 (1510140839888ms)
Umgeplant: 1 (1510140842888ms)
Umgeplant: 1 (1510140840888ms)
Ausgeplant: 1 (-1ms)
Objekt 2 (1510140839888ms) geweckt: 1510140839888, Differenz: +0
Umgeplant: 3 (1510140840888ms)
Umgeplant: 4 (1510140842888ms)
Umgeplant: 5 (1510140842888ms)
Umgeplant: 6 (1510140842888ms)
Umgeplant: 4 (1510140844888ms)
Ausgeplant: 4 (-1ms)
Umgeplant: 5 (1510140844888ms)
Objekt 3 (1510140840888ms) geweckt: 1510140840889, Differenz: +1
Objekt 6 (1510140842888ms) geweckt: 1510140842888, Differenz: +0
Objekt 5 (1510140844888ms) geweckt: 1510140844889, Differenz: +1
Umgeplant: 1 (1510140852893ms)
Umgeplant: 2 (1510140847893ms)
Umgeplant: 1 (1510140850893ms)
Umgeplant: 1 (1510140848893ms)
Ausgeplant: 1 (-1ms)
Objekt 2 (1510140847893ms) geweckt: 1510140847894, Differenz: +1
Umgeplant: 3 (1510140848893ms)
Umgeplant: 4 (1510140850893ms)
Umgeplant: 5 (1510140850893ms)
Umgeplant: 6 (1510140850893ms)
Umgeplant: 4 (1510140852893ms)
Ausgeplant: 4 (-1ms)
Umgeplant: 5 (1510140852893ms)
Objekt 3 (1510140848893ms) geweckt: 1510140848893, Differenz: +0
Objekt 6 (1510140850893ms) geweckt: 1510140850893, Differenz: +0
Objekt 5 (1510140852893ms) geweckt: 1510140852894, Differenz: +1
Umgeplant: 1 (1510140860897ms)
Umgeplant: 2 (1510140855897ms)
Umgeplant: 1 (1510140858897ms)
Umgeplant: 1 (1510140856897ms)
Ausgeplant: 1 (-1ms)
Objekt 2 (1510140855897ms) geweckt: 1510140855897, Differenz: +0
Umgeplant: 3 (1510140856897ms)
Umgeplant: 4 (1510140858897ms)
Umgeplant: 5 (1510140858897ms)
Umgeplant: 6 (1510140858897ms)
Umgeplant: 4 (1510140860897ms)
Ausgeplant: 4 (-1ms)
Umgeplant: 5 (1510140860897ms)
Objekt 3 (1510140856897ms) geweckt: 1510140856897, Differenz: +0
Objekt 6 (1510140858897ms) geweckt: 1510140858897, Differenz: +0
Objekt 5 (1510140860897ms) geweckt: 1510140860897, Differenz: +0
Umgeplant: 1 (1510140868901ms)
Umgeplant: 2 (1510140863901ms)
Umgeplant: 1 (1510140866901ms)
Umgeplant: 1 (1510140864901ms)
Ausgeplant: 1 (-1ms)
Objekt 2 (1510140863901ms) geweckt: 1510140863902, Differenz: +1
Umgeplant: 3 (1510140864901ms)
Umgeplant: 4 (1510140866901ms)
Umgeplant: 5 (1510140866901ms)
Umgeplant: 6 (1510140866901ms)
Umgeplant: 4 (1510140868901ms)
Ausgeplant: 4 (-1ms)
Umgeplant: 5 (1510140868901ms)
Objekt 3 (1510140864901ms) geweckt: 1510140864901, Differenz: +0
Objekt 6 (1510140866901ms) geweckt: 1510140866901, Differenz: +0
Objekt 5 (1510140868901ms) geweckt: 1510140868901, Differenz: +0
Umgeplant: 1 (1510140876903ms)
Umgeplant: 2 (1510140871903ms)
Umgeplant: 1 (1510140874903ms)
Umgeplant: 1 (1510140872903ms)
Ausgeplant: 1 (-1ms)
Objekt 2 (1510140871903ms) geweckt: 1510140871904, Differenz: +1
Umgeplant: 3 (1510140872903ms)
Umgeplant: 4 (1510140874903ms)
Umgeplant: 5 (1510140874903ms)
Umgeplant: 6 (1510140874903ms)
Umgeplant: 4 (1510140876903ms)
Ausgeplant: 4 (-1ms)
Umgeplant: 5 (1510140876903ms)
Objekt 3 (1510140872903ms) geweckt: 1510140872904, Differenz: +1
Objekt 6 (1510140874903ms) geweckt: 1510140874903, Differenz: +0
Objekt 5 (1510140876903ms) geweckt: 1510140876903, Differenz: +0
Umgeplant: 1 (1510140884904ms)
Umgeplant: 2 (1510140879904ms)
Umgeplant: 1 (1510140882904ms)
Umgeplant: 1 (1510140880904ms)
Ausgeplant: 1 (-1ms)
Objekt 2 (1510140879904ms) geweckt: 1510140879905, Differenz: +1
Umgeplant: 3 (1510140880904ms)
Umgeplant: 4 (1510140882904ms)
Umgeplant: 5 (1510140882904ms)
Umgeplant: 6 (1510140882904ms)
Umgeplant: 4 (1510140884904ms)
Ausgeplant: 4 (-1ms)
Umgeplant: 5 (1510140884904ms)
Objekt 3 (1510140880904ms) geweckt: 1510140880904, Differenz: +0
Objekt 6 (1510140882904ms) geweckt: 1510140882904, Differenz: +0
Objekt 5 (1510140884904ms) geweckt: 1510140884905, Differenz: +1
Umgeplant: 1 (1510140892908ms)
Umgeplant: 2 (1510140887908ms)
Umgeplant: 1 (1510140890908ms)
Umgeplant: 1 (1510140888908ms)
Ausgeplant: 1 (-1ms)
Objekt 2 (1510140887908ms) geweckt: 1510140887909, Differenz: +1
Umgeplant: 3 (1510140888908ms)
Umgeplant: 4 (1510140890908ms)
Umgeplant: 5 (1510140890908ms)
Umgeplant: 6 (1510140890908ms)
Umgeplant: 4 (1510140892908ms)
Ausgeplant: 4 (-1ms)
Umgeplant: 5 (1510140892908ms)
Objekt 3 (1510140888908ms) geweckt: 1510140888910, Differenz: +2
Objekt 6 (1510140890908ms) geweckt: 1510140890909, Differenz: +1
Objekt 5 (1510140892908ms) geweckt: 1510140892908, Differenz: +0
]]></system-out>
  <system-err><![CDATA[]]></system-err>
</testsuite>
